#
# There is insufficient memory for the Java Runtime Environment to continue.
# Native memory allocation (malloc) failed to allocate 183408 bytes for Chunk::new
# Possible reasons:
#   The system is out of physical RAM or swap space
#   The process is running with CompressedOops enabled, and the Java Heap may be blocking the growth of the native heap
# Possible solutions:
#   Reduce memory load on the system
#   Increase physical memory or swap space
#   Check if swap backing store is full
#   Decrease Java heap size (-Xmx/-Xms)
#   Decrease number of Java threads
#   Decrease Java thread stack sizes (-Xss)
#   Set larger code cache with -XX:ReservedCodeCacheSize=
#   JVM is running with Unscaled Compressed Oops mode in which the Java heap is
#     placed in the first 4GB address space. The Java Heap base address is the
#     maximum limit for the native heap growth. Please use -XX:HeapBaseMinAddress
#     to set the Java Heap base and to place the Java Heap above 4GB virtual address.
# This output file may be truncated or incomplete.
#
#  Out of Memory Error (arena.cpp:191), pid=16428, tid=14564
#
# JRE version: OpenJDK Runtime Environment (17.0.10) (build 17.0.10+0--11572160)
# Java VM: OpenJDK 64-Bit Server VM (17.0.10+0--11572160, mixed mode, tiered, compressed oops, compressed class ptrs, g1 gc, windows-amd64)
# No core dump will be written. Minidumps are not enabled by default on client versions of Windows
#

---------------  S U M M A R Y ------------

Command Line: --add-opens=java.base/java.util=ALL-UNNAMED --add-opens=java.base/java.lang=ALL-UNNAMED --add-opens=java.base/java.lang.invoke=ALL-UNNAMED --add-opens=java.prefs/java.util.prefs=ALL-UNNAMED --add-opens=java.base/java.nio.charset=ALL-UNNAMED --add-opens=java.base/java.net=ALL-UNNAMED --add-opens=java.base/java.util.concurrent.atomic=ALL-UNNAMED -Xmx2048m -Dfile.encoding=UTF-8 -Duser.country=TR -Duser.language=tr -Duser.variant org.gradle.launcher.daemon.bootstrap.GradleDaemon 8.0

Host: Intel(R) Core(TM) i5-1035G1 CPU @ 1.00GHz, 8 cores, 7G,  Windows 11 , 64 bit Build 22621 (10.0.22621.3527)
Time: Sun May 26 19:17:10 2024 Türkiye Standart Saati elapsed time: 6.620921 seconds (0d 0h 0m 6s)

---------------  T H R E A D  ---------------

Current thread (0x000002acf6066640):  JavaThread "C2 CompilerThread0" daemon [_thread_in_native, id=14564, stack(0x000000ddf0c00000,0x000000ddf0d00000)]


Current CompileTask:
C2:   6621 1909       4       jdk.internal.org.objectweb.asm.SymbolTable::put (150 bytes)

Stack: [0x000000ddf0c00000,0x000000ddf0d00000]
Native frames: (J=compiled Java code, j=interpreted, Vv=VM code, C=native code)
V  [jvm.dll+0x688e89]
V  [jvm.dll+0x84247a]
V  [jvm.dll+0x8440be]
V  [jvm.dll+0x844723]
V  [jvm.dll+0x24be0f]
V  [jvm.dll+0xac524]
V  [jvm.dll+0xacb6c]
V  [jvm.dll+0x36bd67]
V  [jvm.dll+0x33615a]
V  [jvm.dll+0x3355fa]
V  [jvm.dll+0x21daa1]
V  [jvm.dll+0x21cec1]
V  [jvm.dll+0x1a60ad]
V  [jvm.dll+0x22cd78]
V  [jvm.dll+0x22aeb0]
V  [jvm.dll+0x7f6917]
V  [jvm.dll+0x7f0d1a]
V  [jvm.dll+0x687d05]
C  [ucrtbase.dll+0x29333]
C  [KERNEL32.DLL+0x1257d]
C  [ntdll.dll+0x5aa48]


---------------  P R O C E S S  ---------------

Threads class SMR info:
_java_thread_list=0x000002acf60b32a0, length=23, elements={
0x000002acd7dbe570, 0x000002acf1c1dda0, 0x000002acf1c1e960, 0x000002acf604d980,
0x000002acf604e150, 0x000002acf604ed10, 0x000002acf60517e0, 0x000002acf6066640,
0x000002acf606ef60, 0x000002acf6078130, 0x000002acf61ce360, 0x000002acf61cf860,
0x000002acf7c9a020, 0x000002acf77c7780, 0x000002acf7fb5800, 0x000002acf65c94f0,
0x000002acf7671f10, 0x000002acf7fbfd90, 0x000002acf8865020, 0x000002acf807b150,
0x000002acf7f903e0, 0x000002acf7f908f0, 0x000002acf7f92750
}

Java Threads: ( => current thread )
  0x000002acd7dbe570 JavaThread "main" [_thread_blocked, id=13756, stack(0x000000ddeff00000,0x000000ddf0000000)]
  0x000002acf1c1dda0 JavaThread "Reference Handler" daemon [_thread_blocked, id=8128, stack(0x000000ddf0600000,0x000000ddf0700000)]
  0x000002acf1c1e960 JavaThread "Finalizer" daemon [_thread_blocked, id=16248, stack(0x000000ddf0700000,0x000000ddf0800000)]
  0x000002acf604d980 JavaThread "Signal Dispatcher" daemon [_thread_blocked, id=13676, stack(0x000000ddf0800000,0x000000ddf0900000)]
  0x000002acf604e150 JavaThread "Attach Listener" daemon [_thread_blocked, id=9512, stack(0x000000ddf0900000,0x000000ddf0a00000)]
  0x000002acf604ed10 JavaThread "Service Thread" daemon [_thread_blocked, id=7524, stack(0x000000ddf0a00000,0x000000ddf0b00000)]
  0x000002acf60517e0 JavaThread "Monitor Deflation Thread" daemon [_thread_blocked, id=10392, stack(0x000000ddf0b00000,0x000000ddf0c00000)]
=>0x000002acf6066640 JavaThread "C2 CompilerThread0" daemon [_thread_in_native, id=14564, stack(0x000000ddf0c00000,0x000000ddf0d00000)]
  0x000002acf606ef60 JavaThread "C1 CompilerThread0" daemon [_thread_blocked, id=14308, stack(0x000000ddf0d00000,0x000000ddf0e00000)]
  0x000002acf6078130 JavaThread "Sweeper thread" daemon [_thread_blocked, id=16504, stack(0x000000ddf0e00000,0x000000ddf0f00000)]
  0x000002acf61ce360 JavaThread "Common-Cleaner" daemon [_thread_blocked, id=16484, stack(0x000000ddf0f00000,0x000000ddf1000000)]
  0x000002acf61cf860 JavaThread "Notification Thread" daemon [_thread_blocked, id=16180, stack(0x000000ddf1000000,0x000000ddf1100000)]
  0x000002acf7c9a020 JavaThread "Daemon health stats" [_thread_blocked, id=15212, stack(0x000000ddf1700000,0x000000ddf1800000)]
  0x000002acf77c7780 JavaThread "Incoming local TCP Connector on port 52578" [_thread_in_native, id=444, stack(0x000000ddf1200000,0x000000ddf1300000)]
  0x000002acf7fb5800 JavaThread "C2 CompilerThread1" daemon [_thread_in_native, id=16212, stack(0x000000ddf1800000,0x000000ddf1900000)]
  0x000002acf65c94f0 JavaThread "Daemon periodic checks" [_thread_blocked, id=3212, stack(0x000000ddf1900000,0x000000ddf1a00000)]
  0x000002acf7671f10 JavaThread "Daemon" [_thread_blocked, id=2876, stack(0x000000ddf1a00000,0x000000ddf1b00000)]
  0x000002acf7fbfd90 JavaThread "Handler for socket connection from /127.0.0.1:52578 to /127.0.0.1:52579" [_thread_in_native, id=1512, stack(0x000000ddf1b00000,0x000000ddf1c00000)]
  0x000002acf8865020 JavaThread "Cancel handler" [_thread_blocked, id=4088, stack(0x000000ddf1c00000,0x000000ddf1d00000)]
  0x000002acf807b150 JavaThread "Daemon worker" [_thread_in_vm, id=7316, stack(0x000000ddf1d00000,0x000000ddf1e00000)]
  0x000002acf7f903e0 JavaThread "Asynchronous log dispatcher for DefaultDaemonConnection: socket connection from /127.0.0.1:52578 to /127.0.0.1:52579" [_thread_blocked, id=9240, stack(0x000000ddf1e00000,0x000000ddf1f00000)]
  0x000002acf7f908f0 JavaThread "Stdin handler" [_thread_blocked, id=8076, stack(0x000000ddf1f00000,0x000000ddf2000000)]
  0x000002acf7f92750 JavaThread "Daemon client event forwarder" [_thread_blocked, id=16260, stack(0x000000ddf2000000,0x000000ddf2100000)]

Other Threads:
  0x000002acf6013b50 VMThread "VM Thread" [stack: 0x000000ddf0500000,0x000000ddf0600000] [id=6136]
  0x000002acf61cfd40 WatcherThread [stack: 0x000000ddf1100000,0x000000ddf1200000] [id=13168]
  0x000002acd7e193f0 GCTaskThread "GC Thread#0" [stack: 0x000000ddf0000000,0x000000ddf0100000] [id=17292]
  0x000002acf68f3820 GCTaskThread "GC Thread#1" [stack: 0x000000ddf1300000,0x000000ddf1400000] [id=2900]
  0x000002acf68f3ae0 GCTaskThread "GC Thread#2" [stack: 0x000000ddf1400000,0x000000ddf1500000] [id=1792]
  0x000002acf6684af0 GCTaskThread "GC Thread#3" [stack: 0x000000ddf1500000,0x000000ddf1600000] [id=12320]
  0x000002acf6ed21d0 GCTaskThread "GC Thread#4" [stack: 0x000000ddf1600000,0x000000ddf1700000] [id=11316]
  0x000002acd7e2a340 ConcurrentGCThread "G1 Main Marker" [stack: 0x000000ddf0100000,0x000000ddf0200000] [id=5392]
  0x000002acd7e2b500 ConcurrentGCThread "G1 Conc#0" [stack: 0x000000ddf0200000,0x000000ddf0300000] [id=13080]
  0x000002acd7e6da40 ConcurrentGCThread "G1 Refine#0" [stack: 0x000000ddf0300000,0x000000ddf0400000] [id=3796]
  0x000002acd7e6e470 ConcurrentGCThread "G1 Service" [stack: 0x000000ddf0400000,0x000000ddf0500000] [id=9680]

Threads with active compile tasks:
C2 CompilerThread0     6665 1909       4       jdk.internal.org.objectweb.asm.SymbolTable::put (150 bytes)
C2 CompilerThread1     6666 1932   !   4       java.util.zip.Inflater::inflate (418 bytes)

VM state: not at safepoint (normal execution)

VM Mutex/Monitor currently owned by a thread: None

Heap address: 0x0000000080000000, size: 2048 MB, Compressed Oops mode: 32-bit

CDS archive(s) not mapped
Compressed class space mapped at: 0x0000000100000000-0x0000000140000000, reserved size: 1073741824
Narrow klass base: 0x0000000000000000, Narrow klass shift: 3, Narrow klass range: 0x140000000

GC Precious Log:
 CPUs: 8 total, 8 available
 Memory: 7969M
 Large Page Support: Disabled
 NUMA Support: Disabled
 Compressed Oops: Enabled (32-bit)
 Heap Region Size: 1M
 Heap Min Capacity: 8M
 Heap Initial Capacity: 126M
 Heap Max Capacity: 2G
 Pre-touch: Disabled
 Parallel Workers: 8
 Concurrent Workers: 2
 Concurrent Refinement Workers: 8
 Periodic GC: Disabled

Heap:
 garbage-first heap   total 129024K, used 42738K [0x0000000080000000, 0x0000000100000000)
  region size 1024K, 34 young (34816K), 3 survivors (3072K)
 Metaspace       used 19447K, committed 19648K, reserved 1114112K
  class space    used 2268K, committed 2368K, reserved 1048576K

Heap Regions: E=young(eden), S=young(survivor), O=old, HS=humongous(starts), HC=humongous(continues), CS=collection set, F=free, OA=open archive, CA=closed archive, TAMS=top-at-mark-start (previous, next)
|   0|0x0000000080000000, 0x0000000080100000, 0x0000000080100000|100%|HS|  |TAMS 0x0000000080000000, 0x0000000080000000| Complete 
|   1|0x0000000080100000, 0x0000000080200000, 0x0000000080200000|100%|HC|  |TAMS 0x0000000080100000, 0x0000000080100000| Complete 
|   2|0x0000000080200000, 0x0000000080300000, 0x0000000080300000|100%|HC|  |TAMS 0x0000000080200000, 0x0000000080200000| Complete 
|   3|0x0000000080300000, 0x0000000080400000, 0x0000000080400000|100%|HC|  |TAMS 0x0000000080300000, 0x0000000080300000| Complete 
|   4|0x0000000080400000, 0x0000000080500000, 0x0000000080500000|100%| O|  |TAMS 0x0000000080400000, 0x0000000080400000| Untracked 
|   5|0x0000000080500000, 0x0000000080600000, 0x0000000080600000|100%| O|  |TAMS 0x0000000080500000, 0x0000000080500000| Untracked 
|   6|0x0000000080600000, 0x0000000080700000, 0x0000000080700000|100%| O|  |TAMS 0x0000000080600000, 0x0000000080600000| Untracked 
|   7|0x0000000080700000, 0x0000000080800000, 0x0000000080800000|100%| O|  |TAMS 0x0000000080700000, 0x0000000080700000| Untracked 
|   8|0x0000000080800000, 0x0000000080800000, 0x0000000080900000|  0%| F|  |TAMS 0x0000000080800000, 0x0000000080800000| Untracked 
|   9|0x0000000080900000, 0x0000000080a00000, 0x0000000080a00000|100%| O|  |TAMS 0x0000000080900000, 0x0000000080900000| Untracked 
|  10|0x0000000080a00000, 0x0000000080af6000, 0x0000000080b00000| 96%| O|  |TAMS 0x0000000080a00000, 0x0000000080a00000| Untracked 
|  11|0x0000000080b00000, 0x0000000080b00000, 0x0000000080c00000|  0%| F|  |TAMS 0x0000000080b00000, 0x0000000080b00000| Untracked 
|  12|0x0000000080c00000, 0x0000000080c00000, 0x0000000080d00000|  0%| F|  |TAMS 0x0000000080c00000, 0x0000000080c00000| Untracked 
|  13|0x0000000080d00000, 0x0000000080d00000, 0x0000000080e00000|  0%| F|  |TAMS 0x0000000080d00000, 0x0000000080d00000| Untracked 
|  14|0x0000000080e00000, 0x0000000080e00000, 0x0000000080f00000|  0%| F|  |TAMS 0x0000000080e00000, 0x0000000080e00000| Untracked 
|  15|0x0000000080f00000, 0x0000000080f00000, 0x0000000081000000|  0%| F|  |TAMS 0x0000000080f00000, 0x0000000080f00000| Untracked 
|  16|0x0000000081000000, 0x0000000081000000, 0x0000000081100000|  0%| F|  |TAMS 0x0000000081000000, 0x0000000081000000| Untracked 
|  17|0x0000000081100000, 0x0000000081100000, 0x0000000081200000|  0%| F|  |TAMS 0x0000000081100000, 0x0000000081100000| Untracked 
|  18|0x0000000081200000, 0x0000000081200000, 0x0000000081300000|  0%| F|  |TAMS 0x0000000081200000, 0x0000000081200000| Untracked 
|  19|0x0000000081300000, 0x0000000081300000, 0x0000000081400000|  0%| F|  |TAMS 0x0000000081300000, 0x0000000081300000| Untracked 
|  20|0x0000000081400000, 0x0000000081400000, 0x0000000081500000|  0%| F|  |TAMS 0x0000000081400000, 0x0000000081400000| Untracked 
|  21|0x0000000081500000, 0x0000000081500000, 0x0000000081600000|  0%| F|  |TAMS 0x0000000081500000, 0x0000000081500000| Untracked 
|  22|0x0000000081600000, 0x0000000081600000, 0x0000000081700000|  0%| F|  |TAMS 0x0000000081600000, 0x0000000081600000| Untracked 
|  23|0x0000000081700000, 0x0000000081700000, 0x0000000081800000|  0%| F|  |TAMS 0x0000000081700000, 0x0000000081700000| Untracked 
|  24|0x0000000081800000, 0x0000000081800000, 0x0000000081900000|  0%| F|  |TAMS 0x0000000081800000, 0x0000000081800000| Untracked 
|  25|0x0000000081900000, 0x0000000081900000, 0x0000000081a00000|  0%| F|  |TAMS 0x0000000081900000, 0x0000000081900000| Untracked 
|  26|0x0000000081a00000, 0x0000000081a00000, 0x0000000081b00000|  0%| F|  |TAMS 0x0000000081a00000, 0x0000000081a00000| Untracked 
|  27|0x0000000081b00000, 0x0000000081b00000, 0x0000000081c00000|  0%| F|  |TAMS 0x0000000081b00000, 0x0000000081b00000| Untracked 
|  28|0x0000000081c00000, 0x0000000081c00000, 0x0000000081d00000|  0%| F|  |TAMS 0x0000000081c00000, 0x0000000081c00000| Untracked 
|  29|0x0000000081d00000, 0x0000000081d00000, 0x0000000081e00000|  0%| F|  |TAMS 0x0000000081d00000, 0x0000000081d00000| Untracked 
|  30|0x0000000081e00000, 0x0000000081e00000, 0x0000000081f00000|  0%| F|  |TAMS 0x0000000081e00000, 0x0000000081e00000| Untracked 
|  31|0x0000000081f00000, 0x0000000081f00000, 0x0000000082000000|  0%| F|  |TAMS 0x0000000081f00000, 0x0000000081f00000| Untracked 
|  32|0x0000000082000000, 0x0000000082000000, 0x0000000082100000|  0%| F|  |TAMS 0x0000000082000000, 0x0000000082000000| Untracked 
|  33|0x0000000082100000, 0x0000000082100000, 0x0000000082200000|  0%| F|  |TAMS 0x0000000082100000, 0x0000000082100000| Untracked 
|  34|0x0000000082200000, 0x0000000082200000, 0x0000000082300000|  0%| F|  |TAMS 0x0000000082200000, 0x0000000082200000| Untracked 
|  35|0x0000000082300000, 0x0000000082300000, 0x0000000082400000|  0%| F|  |TAMS 0x0000000082300000, 0x0000000082300000| Untracked 
|  36|0x0000000082400000, 0x0000000082400000, 0x0000000082500000|  0%| F|  |TAMS 0x0000000082400000, 0x0000000082400000| Untracked 
|  37|0x0000000082500000, 0x0000000082500000, 0x0000000082600000|  0%| F|  |TAMS 0x0000000082500000, 0x0000000082500000| Untracked 
|  38|0x0000000082600000, 0x0000000082600000, 0x0000000082700000|  0%| F|  |TAMS 0x0000000082600000, 0x0000000082600000| Untracked 
|  39|0x0000000082700000, 0x0000000082700000, 0x0000000082800000|  0%| F|  |TAMS 0x0000000082700000, 0x0000000082700000| Untracked 
|  40|0x0000000082800000, 0x0000000082800000, 0x0000000082900000|  0%| F|  |TAMS 0x0000000082800000, 0x0000000082800000| Untracked 
|  41|0x0000000082900000, 0x0000000082900000, 0x0000000082a00000|  0%| F|  |TAMS 0x0000000082900000, 0x0000000082900000| Untracked 
|  42|0x0000000082a00000, 0x0000000082a00000, 0x0000000082b00000|  0%| F|  |TAMS 0x0000000082a00000, 0x0000000082a00000| Untracked 
|  43|0x0000000082b00000, 0x0000000082b00000, 0x0000000082c00000|  0%| F|  |TAMS 0x0000000082b00000, 0x0000000082b00000| Untracked 
|  44|0x0000000082c00000, 0x0000000082c00000, 0x0000000082d00000|  0%| F|  |TAMS 0x0000000082c00000, 0x0000000082c00000| Untracked 
|  45|0x0000000082d00000, 0x0000000082d00000, 0x0000000082e00000|  0%| F|  |TAMS 0x0000000082d00000, 0x0000000082d00000| Untracked 
|  46|0x0000000082e00000, 0x0000000082e00000, 0x0000000082f00000|  0%| F|  |TAMS 0x0000000082e00000, 0x0000000082e00000| Untracked 
|  47|0x0000000082f00000, 0x0000000082f00000, 0x0000000083000000|  0%| F|  |TAMS 0x0000000082f00000, 0x0000000082f00000| Untracked 
|  48|0x0000000083000000, 0x0000000083000000, 0x0000000083100000|  0%| F|  |TAMS 0x0000000083000000, 0x0000000083000000| Untracked 
|  49|0x0000000083100000, 0x0000000083100000, 0x0000000083200000|  0%| F|  |TAMS 0x0000000083100000, 0x0000000083100000| Untracked 
|  50|0x0000000083200000, 0x0000000083200000, 0x0000000083300000|  0%| F|  |TAMS 0x0000000083200000, 0x0000000083200000| Untracked 
|  51|0x0000000083300000, 0x0000000083300000, 0x0000000083400000|  0%| F|  |TAMS 0x0000000083300000, 0x0000000083300000| Untracked 
|  52|0x0000000083400000, 0x0000000083400000, 0x0000000083500000|  0%| F|  |TAMS 0x0000000083400000, 0x0000000083400000| Untracked 
|  53|0x0000000083500000, 0x0000000083500000, 0x0000000083600000|  0%| F|  |TAMS 0x0000000083500000, 0x0000000083500000| Untracked 
|  54|0x0000000083600000, 0x0000000083600000, 0x0000000083700000|  0%| F|  |TAMS 0x0000000083600000, 0x0000000083600000| Untracked 
|  55|0x0000000083700000, 0x0000000083700000, 0x0000000083800000|  0%| F|  |TAMS 0x0000000083700000, 0x0000000083700000| Untracked 
|  56|0x0000000083800000, 0x0000000083800000, 0x0000000083900000|  0%| F|  |TAMS 0x0000000083800000, 0x0000000083800000| Untracked 
|  57|0x0000000083900000, 0x0000000083900000, 0x0000000083a00000|  0%| F|  |TAMS 0x0000000083900000, 0x0000000083900000| Untracked 
|  58|0x0000000083a00000, 0x0000000083a00000, 0x0000000083b00000|  0%| F|  |TAMS 0x0000000083a00000, 0x0000000083a00000| Untracked 
|  59|0x0000000083b00000, 0x0000000083b00000, 0x0000000083c00000|  0%| F|  |TAMS 0x0000000083b00000, 0x0000000083b00000| Untracked 
|  60|0x0000000083c00000, 0x0000000083c00000, 0x0000000083d00000|  0%| F|  |TAMS 0x0000000083c00000, 0x0000000083c00000| Untracked 
|  61|0x0000000083d00000, 0x0000000083d00000, 0x0000000083e00000|  0%| F|  |TAMS 0x0000000083d00000, 0x0000000083d00000| Untracked 
|  62|0x0000000083e00000, 0x0000000083e00000, 0x0000000083f00000|  0%| F|  |TAMS 0x0000000083e00000, 0x0000000083e00000| Untracked 
|  63|0x0000000083f00000, 0x0000000083f00000, 0x0000000084000000|  0%| F|  |TAMS 0x0000000083f00000, 0x0000000083f00000| Untracked 
|  64|0x0000000084000000, 0x0000000084000000, 0x0000000084100000|  0%| F|  |TAMS 0x0000000084000000, 0x0000000084000000| Untracked 
|  65|0x0000000084100000, 0x0000000084100000, 0x0000000084200000|  0%| F|  |TAMS 0x0000000084100000, 0x0000000084100000| Untracked 
|  66|0x0000000084200000, 0x0000000084200000, 0x0000000084300000|  0%| F|  |TAMS 0x0000000084200000, 0x0000000084200000| Untracked 
|  67|0x0000000084300000, 0x0000000084300000, 0x0000000084400000|  0%| F|  |TAMS 0x0000000084300000, 0x0000000084300000| Untracked 
|  68|0x0000000084400000, 0x0000000084400000, 0x0000000084500000|  0%| F|  |TAMS 0x0000000084400000, 0x0000000084400000| Untracked 
|  69|0x0000000084500000, 0x0000000084500000, 0x0000000084600000|  0%| F|  |TAMS 0x0000000084500000, 0x0000000084500000| Untracked 
|  70|0x0000000084600000, 0x0000000084600000, 0x0000000084700000|  0%| F|  |TAMS 0x0000000084600000, 0x0000000084600000| Untracked 
|  71|0x0000000084700000, 0x0000000084700000, 0x0000000084800000|  0%| F|  |TAMS 0x0000000084700000, 0x0000000084700000| Untracked 
|  72|0x0000000084800000, 0x0000000084800000, 0x0000000084900000|  0%| F|  |TAMS 0x0000000084800000, 0x0000000084800000| Untracked 
|  73|0x0000000084900000, 0x0000000084900000, 0x0000000084a00000|  0%| F|  |TAMS 0x0000000084900000, 0x0000000084900000| Untracked 
|  74|0x0000000084a00000, 0x0000000084a00000, 0x0000000084b00000|  0%| F|  |TAMS 0x0000000084a00000, 0x0000000084a00000| Untracked 
|  75|0x0000000084b00000, 0x0000000084b00000, 0x0000000084c00000|  0%| F|  |TAMS 0x0000000084b00000, 0x0000000084b00000| Untracked 
|  76|0x0000000084c00000, 0x0000000084c00000, 0x0000000084d00000|  0%| F|  |TAMS 0x0000000084c00000, 0x0000000084c00000| Untracked 
|  77|0x0000000084d00000, 0x0000000084d00000, 0x0000000084e00000|  0%| F|  |TAMS 0x0000000084d00000, 0x0000000084d00000| Untracked 
|  78|0x0000000084e00000, 0x0000000084e00000, 0x0000000084f00000|  0%| F|  |TAMS 0x0000000084e00000, 0x0000000084e00000| Untracked 
|  79|0x0000000084f00000, 0x0000000084f00000, 0x0000000085000000|  0%| F|  |TAMS 0x0000000084f00000, 0x0000000084f00000| Untracked 
|  80|0x0000000085000000, 0x0000000085000000, 0x0000000085100000|  0%| F|  |TAMS 0x0000000085000000, 0x0000000085000000| Untracked 
|  81|0x0000000085100000, 0x0000000085100000, 0x0000000085200000|  0%| F|  |TAMS 0x0000000085100000, 0x0000000085100000| Untracked 
|  82|0x0000000085200000, 0x0000000085200000, 0x0000000085300000|  0%| F|  |TAMS 0x0000000085200000, 0x0000000085200000| Untracked 
|  83|0x0000000085300000, 0x0000000085300000, 0x0000000085400000|  0%| F|  |TAMS 0x0000000085300000, 0x0000000085300000| Untracked 
|  84|0x0000000085400000, 0x0000000085400000, 0x0000000085500000|  0%| F|  |TAMS 0x0000000085400000, 0x0000000085400000| Untracked 
|  85|0x0000000085500000, 0x0000000085500000, 0x0000000085600000|  0%| F|  |TAMS 0x0000000085500000, 0x0000000085500000| Untracked 
|  86|0x0000000085600000, 0x0000000085600000, 0x0000000085700000|  0%| F|  |TAMS 0x0000000085600000, 0x0000000085600000| Untracked 
|  87|0x0000000085700000, 0x0000000085700000, 0x0000000085800000|  0%| F|  |TAMS 0x0000000085700000, 0x0000000085700000| Untracked 
|  88|0x0000000085800000, 0x0000000085800000, 0x0000000085900000|  0%| F|  |TAMS 0x0000000085800000, 0x0000000085800000| Untracked 
|  89|0x0000000085900000, 0x0000000085900000, 0x0000000085a00000|  0%| F|  |TAMS 0x0000000085900000, 0x0000000085900000| Untracked 
|  90|0x0000000085a00000, 0x0000000085a00000, 0x0000000085b00000|  0%| F|  |TAMS 0x0000000085a00000, 0x0000000085a00000| Untracked 
|  91|0x0000000085b00000, 0x0000000085b80800, 0x0000000085c00000| 50%| E|  |TAMS 0x0000000085b00000, 0x0000000085b00000| Complete 
|  92|0x0000000085c00000, 0x0000000085cc68a8, 0x0000000085d00000| 77%| S|CS|TAMS 0x0000000085c00000, 0x0000000085c00000| Complete 
|  93|0x0000000085d00000, 0x0000000085e00000, 0x0000000085e00000|100%| S|CS|TAMS 0x0000000085d00000, 0x0000000085d00000| Complete 
|  94|0x0000000085e00000, 0x0000000085f00000, 0x0000000085f00000|100%| S|CS|TAMS 0x0000000085e00000, 0x0000000085e00000| Complete 
|  95|0x0000000085f00000, 0x0000000086000000, 0x0000000086000000|100%| E|CS|TAMS 0x0000000085f00000, 0x0000000085f00000| Complete 
|  96|0x0000000086000000, 0x0000000086100000, 0x0000000086100000|100%| E|CS|TAMS 0x0000000086000000, 0x0000000086000000| Complete 
|  97|0x0000000086100000, 0x0000000086200000, 0x0000000086200000|100%| E|CS|TAMS 0x0000000086100000, 0x0000000086100000| Complete 
|  98|0x0000000086200000, 0x0000000086300000, 0x0000000086300000|100%| E|CS|TAMS 0x0000000086200000, 0x0000000086200000| Complete 
|  99|0x0000000086300000, 0x0000000086400000, 0x0000000086400000|100%| E|CS|TAMS 0x0000000086300000, 0x0000000086300000| Complete 
| 100|0x0000000086400000, 0x0000000086500000, 0x0000000086500000|100%| E|CS|TAMS 0x0000000086400000, 0x0000000086400000| Complete 
| 101|0x0000000086500000, 0x0000000086600000, 0x0000000086600000|100%| E|CS|TAMS 0x0000000086500000, 0x0000000086500000| Complete 
| 102|0x0000000086600000, 0x0000000086700000, 0x0000000086700000|100%| E|CS|TAMS 0x0000000086600000, 0x0000000086600000| Complete 
| 103|0x0000000086700000, 0x0000000086800000, 0x0000000086800000|100%| E|CS|TAMS 0x0000000086700000, 0x0000000086700000| Complete 
| 104|0x0000000086800000, 0x0000000086900000, 0x0000000086900000|100%| E|CS|TAMS 0x0000000086800000, 0x0000000086800000| Complete 
| 105|0x0000000086900000, 0x0000000086a00000, 0x0000000086a00000|100%| E|CS|TAMS 0x0000000086900000, 0x0000000086900000| Complete 
| 106|0x0000000086a00000, 0x0000000086b00000, 0x0000000086b00000|100%| E|CS|TAMS 0x0000000086a00000, 0x0000000086a00000| Complete 
| 107|0x0000000086b00000, 0x0000000086c00000, 0x0000000086c00000|100%| E|CS|TAMS 0x0000000086b00000, 0x0000000086b00000| Complete 
| 108|0x0000000086c00000, 0x0000000086d00000, 0x0000000086d00000|100%| E|CS|TAMS 0x0000000086c00000, 0x0000000086c00000| Complete 
| 109|0x0000000086d00000, 0x0000000086e00000, 0x0000000086e00000|100%| E|CS|TAMS 0x0000000086d00000, 0x0000000086d00000| Complete 
| 110|0x0000000086e00000, 0x0000000086f00000, 0x0000000086f00000|100%| E|CS|TAMS 0x0000000086e00000, 0x0000000086e00000| Complete 
| 111|0x0000000086f00000, 0x0000000087000000, 0x0000000087000000|100%| E|CS|TAMS 0x0000000086f00000, 0x0000000086f00000| Complete 
| 112|0x0000000087000000, 0x0000000087100000, 0x0000000087100000|100%| E|CS|TAMS 0x0000000087000000, 0x0000000087000000| Complete 
| 113|0x0000000087100000, 0x0000000087200000, 0x0000000087200000|100%| E|CS|TAMS 0x0000000087100000, 0x0000000087100000| Complete 
| 114|0x0000000087200000, 0x0000000087300000, 0x0000000087300000|100%| E|CS|TAMS 0x0000000087200000, 0x0000000087200000| Complete 
| 115|0x0000000087300000, 0x0000000087400000, 0x0000000087400000|100%| E|CS|TAMS 0x0000000087300000, 0x0000000087300000| Complete 
| 116|0x0000000087400000, 0x0000000087500000, 0x0000000087500000|100%| E|CS|TAMS 0x0000000087400000, 0x0000000087400000| Complete 
| 117|0x0000000087500000, 0x0000000087600000, 0x0000000087600000|100%| E|CS|TAMS 0x0000000087500000, 0x0000000087500000| Complete 
| 118|0x0000000087600000, 0x0000000087700000, 0x0000000087700000|100%| E|CS|TAMS 0x0000000087600000, 0x0000000087600000| Complete 
| 119|0x0000000087700000, 0x0000000087800000, 0x0000000087800000|100%| E|CS|TAMS 0x0000000087700000, 0x0000000087700000| Complete 
| 120|0x0000000087800000, 0x0000000087900000, 0x0000000087900000|100%| E|CS|TAMS 0x0000000087800000, 0x0000000087800000| Complete 
| 121|0x0000000087900000, 0x0000000087a00000, 0x0000000087a00000|100%| E|CS|TAMS 0x0000000087900000, 0x0000000087900000| Complete 
| 122|0x0000000087a00000, 0x0000000087b00000, 0x0000000087b00000|100%| E|CS|TAMS 0x0000000087a00000, 0x0000000087a00000| Complete 
| 123|0x0000000087b00000, 0x0000000087c00000, 0x0000000087c00000|100%| E|CS|TAMS 0x0000000087b00000, 0x0000000087b00000| Complete 
| 124|0x0000000087c00000, 0x0000000087d00000, 0x0000000087d00000|100%| E|CS|TAMS 0x0000000087c00000, 0x0000000087c00000| Complete 
| 125|0x0000000087d00000, 0x0000000087e00000, 0x0000000087e00000|100%| E|  |TAMS 0x0000000087d00000, 0x0000000087d00000| Complete 

Card table byte_map: [0x000002acea9c0000,0x000002aceadc0000] _byte_map_base: 0x000002acea5c0000

Marking Bits (Prev, Next): (CMBitMap*) 0x000002acd7e19a10, (CMBitMap*) 0x000002acd7e19a50
 Prev Bits: [0x000002aceb1c0000, 0x000002aced1c0000)
 Next Bits: [0x000002aced1c0000, 0x000002acef1c0000)

Polling page: 0x000002acd5bb0000

Metaspace:

Usage:
  Non-class:     16.88 MB used.
      Class:      2.23 MB used.
       Both:     19.10 MB used.

Virtual space:
  Non-class space:       64.00 MB reserved,      17.00 MB ( 27%) committed,  1 nodes.
      Class space:        1.00 GB reserved,       2.38 MB ( <1%) committed,  1 nodes.
             Both:        1.06 GB reserved,      19.38 MB (  2%) committed. 

Chunk freelists:
   Non-Class:  14.23 MB
       Class:  13.48 MB
        Both:  27.72 MB

MaxMetaspaceSize: unlimited
CompressedClassSpaceSize: 1.00 GB
Initial GC threshold: 21.00 MB
Current GC threshold: 21.00 MB
CDS: off
MetaspaceReclaimPolicy: balanced
 - commit_granule_bytes: 65536.
 - commit_granule_words: 8192.
 - virtual_space_node_default_size: 8388608.
 - enlarge_chunks_in_place: 1.
 - new_chunks_are_fully_committed: 0.
 - uncommit_free_chunks: 1.
 - use_allocation_guard: 0.
 - handle_deallocations: 1.


Internal statistics:

num_allocs_failed_limit: 0.
num_arena_births: 106.
num_arena_deaths: 0.
num_vsnodes_births: 2.
num_vsnodes_deaths: 0.
num_space_committed: 310.
num_space_uncommitted: 0.
num_chunks_returned_to_freelist: 0.
num_chunks_taken_from_freelist: 410.
num_chunk_merges: 0.
num_chunk_splits: 260.
num_chunks_enlarged: 190.
num_inconsistent_stats: 0.

CodeHeap 'non-profiled nmethods': size=120000Kb used=1022Kb max_used=1022Kb free=118977Kb
 bounds [0x000002ace2d60000, 0x000002ace2fd0000, 0x000002acea290000]
CodeHeap 'profiled nmethods': size=120000Kb used=3822Kb max_used=3822Kb free=116177Kb
 bounds [0x000002acdb290000, 0x000002acdb650000, 0x000002ace27c0000]
CodeHeap 'non-nmethods': size=5760Kb used=1209Kb max_used=1245Kb free=4550Kb
 bounds [0x000002ace27c0000, 0x000002ace2a30000, 0x000002ace2d60000]
 total_blobs=2431 nmethods=1929 adapters=415
 compilation: enabled
              stopped_count=0, restarted_count=0
 full_count=0

Compilation events (20 events):
Event: 6.597 Thread 0x000002acf606ef60 nmethod 1902 0x000002acdb63bf90 code [0x000002acdb63c140, 0x000002acdb63c3f8]
Event: 6.597 Thread 0x000002acf606ef60 1903       3       org.gradle.internal.concurrent.CompositeStoppable::toStoppable (37 bytes)
Event: 6.598 Thread 0x000002acf606ef60 nmethod 1903 0x000002acdb63c510 code [0x000002acdb63c700, 0x000002acdb63cd48]
Event: 6.598 Thread 0x000002acf606ef60 1904       3       java.util.concurrent.ConcurrentLinkedQueue::<init> (21 bytes)
Event: 6.598 Thread 0x000002acf606ef60 nmethod 1904 0x000002acdb63ce90 code [0x000002acdb63d060, 0x000002acdb63d458]
Event: 6.599 Thread 0x000002acf7fb5800 1905  s    4       jdk.internal.perf.PerfCounter::add (18 bytes)
Event: 6.599 Thread 0x000002acf6066640 1906   !   4       java.nio.DirectLongBufferU::get (36 bytes)
Event: 6.601 Thread 0x000002acf606ef60 1910       3       java.lang.invoke.DirectMethodHandle::<init> (148 bytes)
Event: 6.602 Thread 0x000002acf6066640 nmethod 1906 0x000002ace2e5ca90 code [0x000002ace2e5cc00, 0x000002ace2e5ccd8]
Event: 6.602 Thread 0x000002acf6066640 1909       4       jdk.internal.org.objectweb.asm.SymbolTable::put (150 bytes)
Event: 6.603 Thread 0x000002acf606ef60 nmethod 1910 0x000002acdb63d610 code [0x000002acdb63d8c0, 0x000002acdb63e808]
Event: 6.603 Thread 0x000002acf606ef60 1911       3       java.lang.invoke.MethodHandles$Lookup::in (283 bytes)
Event: 6.604 Thread 0x000002acf7fb5800 nmethod 1905 0x000002ace2e5ce10 code [0x000002ace2e5cfa0, 0x000002ace2e5d218]
Event: 6.605 Thread 0x000002acf7fb5800 1907   !   4       java.nio.DirectLongBufferU::put (39 bytes)
Event: 6.607 Thread 0x000002acf7fb5800 nmethod 1907 0x000002ace2e5d490 code [0x000002ace2e5d600, 0x000002ace2e5d6f8]
Event: 6.607 Thread 0x000002acf606ef60 nmethod 1911 0x000002acdb63ed10 code [0x000002acdb63f140, 0x000002acdb640c08]
Event: 6.607 Thread 0x000002acf606ef60 1912       3       jdk.internal.reflect.ReflectionFactory::inflationThreshold (4 bytes)
Event: 6.607 Thread 0x000002acf606ef60 nmethod 1912 0x000002acdb641490 code [0x000002acdb641620, 0x000002acdb641718]
Event: 6.608 Thread 0x000002acf606ef60 1913       3       org.gradle.internal.service.DefaultServiceRegistry$ClassInspector::getDetailsForClass (50 bytes)
Event: 6.609 Thread 0x000002acf606ef60 nmethod 1913 0x000002acdb641790 code [0x000002acdb641960, 0x000002acdb641ee8]

GC Heap History (4 events):
Event: 2.430 GC heap before
{Heap before GC invocations=0 (full 0):
 garbage-first heap   total 129024K, used 26624K [0x0000000080000000, 0x0000000100000000)
  region size 1024K, 23 young (23552K), 0 survivors (0K)
 Metaspace       used 10322K, committed 10496K, reserved 1114112K
  class space    used 1066K, committed 1152K, reserved 1048576K
}
Event: 2.444 GC heap after
{Heap after GC invocations=1 (full 0):
 garbage-first heap   total 129024K, used 10261K [0x0000000080000000, 0x0000000100000000)
  region size 1024K, 3 young (3072K), 3 survivors (3072K)
 Metaspace       used 10322K, committed 10496K, reserved 1114112K
  class space    used 1066K, committed 1152K, reserved 1048576K
}
Event: 4.255 GC heap before
{Heap before GC invocations=1 (full 0):
 garbage-first heap   total 129024K, used 38933K [0x0000000080000000, 0x0000000100000000)
  region size 1024K, 31 young (31744K), 3 survivors (3072K)
 Metaspace       used 11271K, committed 11520K, reserved 1114112K
  class space    used 1169K, committed 1280K, reserved 1048576K
}
Event: 4.263 GC heap after
{Heap after GC invocations=2 (full 0):
 garbage-first heap   total 129024K, used 13042K [0x0000000080000000, 0x0000000100000000)
  region size 1024K, 3 young (3072K), 3 survivors (3072K)
 Metaspace       used 11271K, committed 11520K, reserved 1114112K
  class space    used 1169K, committed 1280K, reserved 1048576K
}

Dll operation events (2 events):
Event: 0.019 Loaded shared library C:\Program Files\Android\Android Studio\jbr\bin\java.dll
Event: 1.514 Loaded shared library C:\Program Files\Android\Android Studio\jbr\bin\verify.dll

Deoptimization events (20 events):
Event: 6.313 Thread 0x000002acf77c7780 Uncommon trap: trap_request=0xffffffc6 fr.pc=0x000002ace2db5db4 relative=0x0000000000000454
Event: 6.313 Thread 0x000002acf77c7780 Uncommon trap: reason=bimorphic_or_optimized_type_check action=maybe_recompile pc=0x000002ace2db5db4 method=java.util.HashMap.getNode(Ljava/lang/Object;)Ljava/util/HashMap$Node; @ 128 c2
Event: 6.313 Thread 0x000002acf77c7780 DEOPT PACKING pc=0x000002ace2db5db4 sp=0x000000ddf12fc290
Event: 6.313 Thread 0x000002acf77c7780 DEOPT UNPACKING pc=0x000002ace281a1a3 sp=0x000000ddf12fc1a8 mode 2
Event: 6.313 Thread 0x000002acf77c7780 Uncommon trap: trap_request=0xffffffc6 fr.pc=0x000002ace2db683c relative=0x000000000000045c
Event: 6.313 Thread 0x000002acf77c7780 Uncommon trap: reason=bimorphic_or_optimized_type_check action=maybe_recompile pc=0x000002ace2db683c method=java.util.HashMap.getNode(Ljava/lang/Object;)Ljava/util/HashMap$Node; @ 128 c2
Event: 6.313 Thread 0x000002acf77c7780 DEOPT PACKING pc=0x000002ace2db683c sp=0x000000ddf12fc220
Event: 6.313 Thread 0x000002acf77c7780 DEOPT UNPACKING pc=0x000002ace281a1a3 sp=0x000000ddf12fc1a8 mode 2
Event: 6.375 Thread 0x000002acf77c7780 Uncommon trap: trap_request=0xffffffc6 fr.pc=0x000002ace2ddfda8 relative=0x0000000000000088
Event: 6.375 Thread 0x000002acf77c7780 Uncommon trap: reason=bimorphic_or_optimized_type_check action=maybe_recompile pc=0x000002ace2ddfda8 method=java.util.AbstractList$Itr.hasNext()Z @ 8 c2
Event: 6.375 Thread 0x000002acf77c7780 DEOPT PACKING pc=0x000002ace2ddfda8 sp=0x000000ddf12fe030
Event: 6.375 Thread 0x000002acf77c7780 DEOPT UNPACKING pc=0x000002ace281a1a3 sp=0x000000ddf12fdfc8 mode 2
Event: 6.375 Thread 0x000002acf77c7780 Uncommon trap: trap_request=0xffffffc6 fr.pc=0x000002ace2de01a4 relative=0x0000000000000104
Event: 6.375 Thread 0x000002acf77c7780 Uncommon trap: reason=bimorphic_or_optimized_type_check action=maybe_recompile pc=0x000002ace2de01a4 method=java.util.AbstractList$Itr.next()Ljava/lang/Object; @ 14 c2
Event: 6.375 Thread 0x000002acf77c7780 DEOPT PACKING pc=0x000002ace2de01a4 sp=0x000000ddf12fe020
Event: 6.375 Thread 0x000002acf77c7780 DEOPT UNPACKING pc=0x000002ace281a1a3 sp=0x000000ddf12fdfb8 mode 2
Event: 6.384 Thread 0x000002acf77c7780 Uncommon trap: trap_request=0xffffff45 fr.pc=0x000002ace2deb040 relative=0x0000000000001be0
Event: 6.384 Thread 0x000002acf77c7780 Uncommon trap: reason=unstable_if action=reinterpret pc=0x000002ace2deb040 method=sun.nio.fs.WindowsPathParser.normalize(Ljava/lang/StringBuilder;Ljava/lang/String;I)Ljava/lang/String; @ 121 c2
Event: 6.385 Thread 0x000002acf77c7780 DEOPT PACKING pc=0x000002ace2deb040 sp=0x000000ddf12fe6f0
Event: 6.385 Thread 0x000002acf77c7780 DEOPT UNPACKING pc=0x000002ace281a1a3 sp=0x000000ddf12fe6e8 mode 2

Classes unloaded (0 events):
No events

Classes redefined (0 events):
No events

Internal exceptions (16 events):
Event: 0.395 Thread 0x000002acd7dbe570 Exception <a 'java/lang/NoSuchMethodError'{0x0000000087b03970}: 'int java.lang.invoke.DirectMethodHandle$Holder.invokeStaticInit(java.lang.Object, java.lang.Object)'> (0x0000000087b03970) 
thrown [s\src\hotspot\share\interpreter\linkResolver.cpp, line 771]
Event: 1.695 Thread 0x000002acd7dbe570 Exception <a 'java/lang/NoClassDefFoundError'{0x0000000086ffe800}: org/slf4j/impl/StaticMarkerBinder> (0x0000000086ffe800) 
thrown [s\src\hotspot\share\classfile\systemDictionary.cpp, line 245]
Event: 1.905 Thread 0x000002acd7dbe570 Exception <a 'java/lang/NoSuchMethodError'{0x0000000086ca5528}: 'java.lang.Object java.lang.invoke.DirectMethodHandle$Holder.invokeVirtual(java.lang.Object, java.lang.Object, java.lang.Object, java.lang.Object, java.lang.Object, java.lang.Object, java.lang.Object)'> (0x0000000086ca5528) 
thrown [s\src\hotspot\share\interpreter\linkResolver.cpp, line 771]
Event: 1.910 Thread 0x000002acd7dbe570 Exception <a 'java/lang/NoSuchMethodError'{0x0000000086cb7208}: 'java.lang.Object java.lang.invoke.Invokers$Holder.invoker(java.lang.Object, java.lang.Object, java.lang.Object)'> (0x0000000086cb7208) 
thrown [s\src\hotspot\share\interpreter\linkResolver.cpp, line 771]
Event: 1.914 Thread 0x000002acd7dbe570 Exception <a 'java/lang/NoSuchMethodError'{0x0000000086cc0400}: 'java.lang.Object java.lang.invoke.DirectMethodHandle$Holder.invokeStatic(java.lang.Object, java.lang.Object, int)'> (0x0000000086cc0400) 
thrown [s\src\hotspot\share\interpreter\linkResolver.cpp, line 771]
Event: 1.917 Thread 0x000002acd7dbe570 Exception <a 'java/lang/NoSuchMethodError'{0x0000000086ccc1e8}: 'void java.lang.invoke.DelegatingMethodHandle$Holder.delegate(java.lang.Object, java.lang.Object, int, java.lang.Object)'> (0x0000000086ccc1e8) 
thrown [s\src\hotspot\share\interpreter\linkResolver.cpp, line 771]
Event: 1.918 Thread 0x000002acd7dbe570 Exception <a 'java/lang/NoSuchMethodError'{0x0000000086cd0330}: 'int java.lang.invoke.DirectMethodHandle$Holder.invokeSpecial(java.lang.Object, java.lang.Object, java.lang.Object)'> (0x0000000086cd0330) 
thrown [s\src\hotspot\share\interpreter\linkResolver.cpp, line 771]
Event: 1.924 Thread 0x000002acd7dbe570 Exception <a 'java/lang/NoSuchMethodError'{0x0000000086ce3c08}: 'java.lang.Object java.lang.invoke.Invokers$Holder.invokeExact_MT(java.lang.Object, java.lang.Object, java.lang.Object, java.lang.Object)'> (0x0000000086ce3c08) 
thrown [s\src\hotspot\share\interpreter\linkResolver.cpp, line 771]
Event: 2.805 Thread 0x000002acd7dbe570 Exception <a 'java/lang/NoSuchMethodError'{0x0000000087a84c70}: 'void java.lang.invoke.DirectMethodHandle$Holder.invokeInterface(java.lang.Object, java.lang.Object, java.lang.Object)'> (0x0000000087a84c70) 
thrown [s\src\hotspot\share\interpreter\linkResolver.cpp, line 771]
Event: 4.954 Thread 0x000002acd7dbe570 Exception <a 'java/lang/NoSuchMethodError'{0x0000000086faea28}: 'java.lang.Object java.lang.invoke.DirectMethodHandle$Holder.invokeStaticInit(java.lang.Object)'> (0x0000000086faea28) 
thrown [s\src\hotspot\share\interpreter\linkResolver.cpp, line 771]
Event: 5.021 Thread 0x000002acd7dbe570 Exception <a 'java/lang/NoSuchMethodError'{0x0000000086e10360}: 'java.lang.Object java.lang.invoke.DirectMethodHandle$Holder.invokeInterface(java.lang.Object, java.lang.Object)'> (0x0000000086e10360) 
thrown [s\src\hotspot\share\interpreter\linkResolver.cpp, line 771]
Event: 5.313 Thread 0x000002acd7dbe570 Exception <a 'java/lang/NoSuchMethodError'{0x0000000086912cd0}: 'java.lang.Object java.lang.invoke.DirectMethodHandle$Holder.invokeStaticInit(java.lang.Object, int, int, int, int)'> (0x0000000086912cd0) 
thrown [s\src\hotspot\share\interpreter\linkResolver.cpp, line 771]
Event: 5.481 Thread 0x000002acd7dbe570 Exception <a 'java/lang/NoSuchMethodError'{0x00000000869ca108}: 'java.lang.Object java.lang.invoke.DirectMethodHandle$Holder.invokeStaticInit(java.lang.Object, java.lang.Object, int, int, int, int)'> (0x00000000869ca108) 
thrown [s\src\hotspot\share\interpreter\linkResolver.cpp, line 771]
Event: 6.143 Thread 0x000002acd7dbe570 Exception <a 'java/lang/NoSuchMethodError'{0x0000000086748388}: 'java.lang.Object java.lang.invoke.DirectMethodHandle$Holder.invokeStaticInit(java.lang.Object, int)'> (0x0000000086748388) 
thrown [s\src\hotspot\share\interpreter\linkResolver.cpp, line 771]
Event: 6.199 Thread 0x000002acd7dbe570 Exception <a 'java/lang/NoSuchMethodError'{0x00000000867dfb00}: 'void java.lang.invoke.DirectMethodHandle$Holder.invokeStatic(java.lang.Object, java.lang.Object, java.lang.Object)'> (0x00000000867dfb00) 
thrown [s\src\hotspot\share\interpreter\linkResolver.cpp, line 771]
Event: 6.267 Thread 0x000002acd7dbe570 Exception <a 'java/io/IOException'{0x0000000086684f40}> (0x0000000086684f40) 
thrown [s\src\hotspot\share\prims\jni.cpp, line 517]

VM Operations (20 events):
Event: 4.805 Executing VM operation: HandshakeAllThreads
Event: 4.805 Executing VM operation: HandshakeAllThreads done
Event: 4.929 Executing VM operation: HandshakeAllThreads
Event: 4.929 Executing VM operation: HandshakeAllThreads done
Event: 5.012 Executing VM operation: HandshakeAllThreads
Event: 5.012 Executing VM operation: HandshakeAllThreads done
Event: 5.146 Executing VM operation: HandshakeAllThreads
Event: 5.146 Executing VM operation: HandshakeAllThreads done
Event: 5.283 Executing VM operation: HandshakeAllThreads
Event: 5.283 Executing VM operation: HandshakeAllThreads done
Event: 5.283 Executing VM operation: Cleanup
Event: 5.283 Executing VM operation: Cleanup done
Event: 5.442 Executing VM operation: HandshakeAllThreads
Event: 5.442 Executing VM operation: HandshakeAllThreads done
Event: 6.195 Executing VM operation: HandshakeAllThreads
Event: 6.195 Executing VM operation: HandshakeAllThreads done
Event: 6.310 Executing VM operation: HandshakeAllThreads
Event: 6.310 Executing VM operation: HandshakeAllThreads done
Event: 6.310 Executing VM operation: Cleanup
Event: 6.310 Executing VM operation: Cleanup done

Events (20 events):
Event: 6.511 loading class jdk/internal/reflect/UnsafeQualifiedObjectFieldAccessorImpl done
Event: 6.511 loading class jdk/internal/reflect/UnsafeQualifiedStaticObjectFieldAccessorImpl
Event: 6.512 loading class jdk/internal/reflect/UnsafeQualifiedStaticFieldAccessorImpl
Event: 6.512 loading class jdk/internal/reflect/UnsafeQualifiedStaticFieldAccessorImpl done
Event: 6.512 loading class jdk/internal/reflect/UnsafeQualifiedStaticObjectFieldAccessorImpl done
Event: 6.519 loading class java/util/concurrent/CountDownLatch
Event: 6.519 loading class java/util/concurrent/CountDownLatch done
Event: 6.519 loading class java/util/concurrent/CountDownLatch$Sync
Event: 6.520 loading class java/util/concurrent/CountDownLatch$Sync done
Event: 6.522 Thread 0x000002acf7f903e0 Thread added: 0x000002acf7f903e0
Event: 6.523 loading class java/math/MathContext
Event: 6.523 loading class java/math/MathContext done
Event: 6.524 loading class java/math/BigDecimal
Event: 6.526 loading class java/math/BigDecimal done
Event: 6.528 loading class java/io/PipedOutputStream
Event: 6.528 loading class java/io/PipedOutputStream done
Event: 6.528 loading class java/io/PipedInputStream
Event: 6.529 loading class java/io/PipedInputStream done
Event: 6.530 Thread 0x000002acf7f908f0 Thread added: 0x000002acf7f908f0
Event: 6.550 Thread 0x000002acf7f92750 Thread added: 0x000002acf7f92750


Dynamic libraries:
0x00007ff7cb880000 - 0x00007ff7cb88a000 	C:\Program Files\Android\Android Studio\jbr\bin\java.exe
0x00007ffbed550000 - 0x00007ffbed767000 	C:\WINDOWS\SYSTEM32\ntdll.dll
0x00007ffbebff0000 - 0x00007ffbec0b4000 	C:\WINDOWS\System32\KERNEL32.DLL
0x00007ffbeaed0000 - 0x00007ffbeb277000 	C:\WINDOWS\System32\KERNELBASE.dll
0x00007ffbead30000 - 0x00007ffbeae41000 	C:\WINDOWS\System32\ucrtbase.dll
0x00007ffbe5400000 - 0x00007ffbe5417000 	C:\Program Files\Android\Android Studio\jbr\bin\jli.dll
0x00007ffbe7220000 - 0x00007ffbe723b000 	C:\Program Files\Android\Android Studio\jbr\bin\VCRUNTIME140.dll
0x00007ffbed330000 - 0x00007ffbed4de000 	C:\WINDOWS\System32\USER32.dll
0x00007ffbeabe0000 - 0x00007ffbeac06000 	C:\WINDOWS\System32\win32u.dll
0x00007ffbec610000 - 0x00007ffbec639000 	C:\WINDOWS\System32\GDI32.dll
0x00007ffbcf800000 - 0x00007ffbcfa93000 	C:\WINDOWS\WinSxS\amd64_microsoft.windows.common-controls_6595b64144ccf1df_6.0.22621.3527_none_270e469b73872a76\COMCTL32.dll
0x00007ffbeac10000 - 0x00007ffbead29000 	C:\WINDOWS\System32\gdi32full.dll
0x00007ffbec0c0000 - 0x00007ffbec167000 	C:\WINDOWS\System32\msvcrt.dll
0x00007ffbeaaa0000 - 0x00007ffbeab3a000 	C:\WINDOWS\System32\msvcp_win.dll
0x00007ffbec800000 - 0x00007ffbec831000 	C:\WINDOWS\System32\IMM32.DLL
0x00007ffbe7460000 - 0x00007ffbe746c000 	C:\Program Files\Android\Android Studio\jbr\bin\vcruntime140_1.dll
0x00007ffbaf9b0000 - 0x00007ffbafa3d000 	C:\Program Files\Android\Android Studio\jbr\bin\msvcp140.dll
0x00007ffb82f40000 - 0x00007ffb83bc3000 	C:\Program Files\Android\Android Studio\jbr\bin\server\jvm.dll
0x00007ffbec640000 - 0x00007ffbec6f2000 	C:\WINDOWS\System32\ADVAPI32.dll
0x00007ffbec3b0000 - 0x00007ffbec458000 	C:\WINDOWS\System32\sechost.dll
0x00007ffbeabb0000 - 0x00007ffbeabd8000 	C:\WINDOWS\System32\bcrypt.dll
0x00007ffbec4e0000 - 0x00007ffbec5f5000 	C:\WINDOWS\System32\RPCRT4.dll
0x00007ffbe9af0000 - 0x00007ffbe9b3d000 	C:\WINDOWS\SYSTEM32\POWRPROF.dll
0x00007ffbe4340000 - 0x00007ffbe4374000 	C:\WINDOWS\SYSTEM32\WINMM.dll
0x00007ffba37d0000 - 0x00007ffba37d9000 	C:\WINDOWS\SYSTEM32\WSOCK32.dll
0x00007ffbec170000 - 0x00007ffbec1e1000 	C:\WINDOWS\System32\WS2_32.dll
0x00007ffbe4270000 - 0x00007ffbe427a000 	C:\WINDOWS\SYSTEM32\VERSION.dll
0x00007ffbe9a20000 - 0x00007ffbe9a33000 	C:\WINDOWS\SYSTEM32\UMPDC.dll
0x00007ffbe98c0000 - 0x00007ffbe98d8000 	C:\WINDOWS\SYSTEM32\kernel.appcore.dll
0x00007ffb9ff90000 - 0x00007ffb9ff9a000 	C:\Program Files\Android\Android Studio\jbr\bin\jimage.dll
0x00007ffbe8270000 - 0x00007ffbe84a2000 	C:\WINDOWS\SYSTEM32\DBGHELP.DLL
0x00007ffbeccc0000 - 0x00007ffbed048000 	C:\WINDOWS\System32\combase.dll
0x00007ffbed250000 - 0x00007ffbed327000 	C:\WINDOWS\System32\OLEAUT32.dll
0x00007ffbca150000 - 0x00007ffbca182000 	C:\WINDOWS\SYSTEM32\dbgcore.DLL
0x00007ffbeae50000 - 0x00007ffbeaec9000 	C:\WINDOWS\System32\bcryptPrimitives.dll
0x00007ffb849c0000 - 0x00007ffb849e5000 	C:\Program Files\Android\Android Studio\jbr\bin\java.dll
0x00007ffb848d0000 - 0x00007ffb848e8000 	C:\Program Files\Android\Android Studio\jbr\bin\zip.dll
0x00007ffbeb430000 - 0x00007ffbebc8c000 	C:\WINDOWS\System32\SHELL32.dll
0x00007ffbe8760000 - 0x00007ffbe9056000 	C:\WINDOWS\SYSTEM32\windows.storage.dll
0x00007ffbe8620000 - 0x00007ffbe875e000 	C:\WINDOWS\SYSTEM32\wintypes.dll
0x00007ffbebc90000 - 0x00007ffbebd85000 	C:\WINDOWS\System32\SHCORE.dll
0x00007ffbec350000 - 0x00007ffbec3ae000 	C:\WINDOWS\System32\shlwapi.dll
0x00007ffbea7a0000 - 0x00007ffbea7c1000 	C:\WINDOWS\SYSTEM32\profapi.dll
0x00007ffb84750000 - 0x00007ffb84769000 	C:\Program Files\Android\Android Studio\jbr\bin\net.dll
0x00007ffbe3890000 - 0x00007ffbe39c6000 	C:\WINDOWS\SYSTEM32\WINHTTP.dll
0x00007ffbe9da0000 - 0x00007ffbe9e09000 	C:\WINDOWS\system32\mswsock.dll
0x00007ffb84730000 - 0x00007ffb84746000 	C:\Program Files\Android\Android Studio\jbr\bin\nio.dll
0x00007ffb82120000 - 0x00007ffb82130000 	C:\Program Files\Android\Android Studio\jbr\bin\verify.dll
0x00007ffbe20e0000 - 0x00007ffbe2107000 	C:\Users\acer\StudioProjects\jettriviaapp\native\68d5fa5c4cc2d200863cafc0d521ce42e7d3e7ee720ec0a83991735586a16f82\windows-amd64\native-platform.dll
0x00007ffb9b0e0000 - 0x00007ffb9b224000 	C:\Users\acer\StudioProjects\jettriviaapp\native\e376f236ea51e6404a007f0833ffe2c6e607c4080706a723a18a27aeea778392\windows-amd64\native-platform-file-events.dll
0x00007ffb81f30000 - 0x00007ffb81f39000 	C:\Program Files\Android\Android Studio\jbr\bin\management.dll
0x00007ffb81f20000 - 0x00007ffb81f2b000 	C:\Program Files\Android\Android Studio\jbr\bin\management_ext.dll
0x00007ffbed240000 - 0x00007ffbed248000 	C:\WINDOWS\System32\PSAPI.DLL
0x00007ffbea040000 - 0x00007ffbea05b000 	C:\WINDOWS\SYSTEM32\CRYPTSP.dll
0x00007ffbe97b0000 - 0x00007ffbe97e5000 	C:\WINDOWS\system32\rsaenh.dll
0x00007ffbe9e40000 - 0x00007ffbe9e68000 	C:\WINDOWS\SYSTEM32\USERENV.dll
0x00007ffbe9fa0000 - 0x00007ffbe9fac000 	C:\WINDOWS\SYSTEM32\CRYPTBASE.dll
0x00007ffbe92c0000 - 0x00007ffbe92ed000 	C:\WINDOWS\SYSTEM32\IPHLPAPI.DLL
0x00007ffbec600000 - 0x00007ffbec609000 	C:\WINDOWS\System32\NSI.dll
0x00007ffbe33c0000 - 0x00007ffbe33d9000 	C:\WINDOWS\SYSTEM32\dhcpcsvc6.DLL
0x00007ffbe33a0000 - 0x00007ffbe33bf000 	C:\WINDOWS\SYSTEM32\dhcpcsvc.DLL
0x00007ffbe9330000 - 0x00007ffbe9428000 	C:\WINDOWS\SYSTEM32\DNSAPI.dll
0x00007ffb81f90000 - 0x00007ffb81f99000 	C:\Program Files\Android\Android Studio\jbr\bin\extnet.dll
0x00007ffb9bd30000 - 0x00007ffb9bd38000 	C:\WINDOWS\system32\wshunix.dll

dbghelp: loaded successfully - version: 4.0.5 - missing functions: none
symbol engine: initialized successfully - sym options: 0x614 - pdb path: .;C:\Program Files\Android\Android Studio\jbr\bin;C:\WINDOWS\SYSTEM32;C:\WINDOWS\WinSxS\amd64_microsoft.windows.common-controls_6595b64144ccf1df_6.0.22621.3527_none_270e469b73872a76;C:\Program Files\Android\Android Studio\jbr\bin\server;C:\Users\acer\StudioProjects\jettriviaapp\native\68d5fa5c4cc2d200863cafc0d521ce42e7d3e7ee720ec0a83991735586a16f82\windows-amd64;C:\Users\acer\StudioProjects\jettriviaapp\native\e376f236ea51e6404a007f0833ffe2c6e607c4080706a723a18a27aeea778392\windows-amd64

VM Arguments:
jvm_args: --add-opens=java.base/java.util=ALL-UNNAMED --add-opens=java.base/java.lang=ALL-UNNAMED --add-opens=java.base/java.lang.invoke=ALL-UNNAMED --add-opens=java.prefs/java.util.prefs=ALL-UNNAMED --add-opens=java.base/java.nio.charset=ALL-UNNAMED --add-opens=java.base/java.net=ALL-UNNAMED --add-opens=java.base/java.util.concurrent.atomic=ALL-UNNAMED -Xmx2048m -Dfile.encoding=UTF-8 -Duser.country=TR -Duser.language=tr -Duser.variant 
java_command: org.gradle.launcher.daemon.bootstrap.GradleDaemon 8.0
java_class_path (initial): C:\Users\acer\StudioProjects\jettriviaapp\wrapper\dists\gradle-8.0-bin\ca5e32bp14vu59qr306oxotwh\gradle-8.0\lib\gradle-launcher-8.0.jar
Launcher Type: SUN_STANDARD

[Global flags]
     intx CICompilerCount                          = 4                                         {product} {ergonomic}
     uint ConcGCThreads                            = 2                                         {product} {ergonomic}
     uint G1ConcRefinementThreads                  = 8                                         {product} {ergonomic}
   size_t G1HeapRegionSize                         = 1048576                                   {product} {ergonomic}
    uintx GCDrainStackTargetSize                   = 64                                        {product} {ergonomic}
   size_t InitialHeapSize                          = 132120576                                 {product} {ergonomic}
   size_t MarkStackSize                            = 4194304                                   {product} {ergonomic}
   size_t MaxHeapSize                              = 2147483648                                {product} {command line}
   size_t MaxNewSize                               = 1287651328                                {product} {ergonomic}
   size_t MinHeapDeltaBytes                        = 1048576                                   {product} {ergonomic}
   size_t MinHeapSize                              = 8388608                                   {product} {ergonomic}
    uintx NonNMethodCodeHeapSize                   = 5839372                                {pd product} {ergonomic}
    uintx NonProfiledCodeHeapSize                  = 122909434                              {pd product} {ergonomic}
    uintx ProfiledCodeHeapSize                     = 122909434                              {pd product} {ergonomic}
    uintx ReservedCodeCacheSize                    = 251658240                              {pd product} {ergonomic}
     bool SegmentedCodeCache                       = true                                      {product} {ergonomic}
   size_t SoftMaxHeapSize                          = 2147483648                             {manageable} {ergonomic}
     bool UseCompressedClassPointers               = true                           {product lp64_product} {ergonomic}
     bool UseCompressedOops                        = true                           {product lp64_product} {ergonomic}
     bool UseG1GC                                  = true                                      {product} {ergonomic}
     bool UseLargePagesIndividualAllocation        = false                                  {pd product} {ergonomic}

Logging:
Log output configuration:
 #0: stdout all=warning uptime,level,tags
 #1: stderr all=off uptime,level,tags

Environment Variables:
PATH=C:\Program Files\Common Files\Oracle\Java\javapath;C:\Program Files\Python38\Scripts\;C:\Program Files\Python38\;C:\Program Files\Python312\Scripts\;C:\Program Files\Python312\;C:\Windows\System32\curl.exe;C:\Program Files\Git\cmd;C:\Program Files\dotnet\;C:\Program Files (x86)\NVIDIA Corporation\PhysX\Common;C:\Program Files\NVIDIA Corporation\NVIDIA NvDLISR;C:\Program Files\Microsoft SQL Server\Client SDK\ODBC\170\Tools\Binn\;C:\Program Files\Microsoft SQL Server\150\DTS\Binn\;C:\Users\acer\anaconda3;C:\Users\acer\anaconda3\Library\mingw-w64\bin;C:\Users\acer\anaconda3\Library\usr\bin;C:\Users\acer\anaconda3\Library\bin;C:\Users\acer\anaconda3\Scripts;C:\Program Files\Python312\Scripts\;C:\Program Files\Python312\;C:\Windows\System32\curl.exe;C:\ProgramData\chocolatey\bin;C:\Users\acer\AppData\Roaming\npm;C:\Users\acer\AppData\Roaming\npm\npm.ps1;C:\Users\acer\.dotnet\tools;C:\Users\acer\AppData\Local\Programs\Microsoft VS Code\bin;C:\Program Files\Python312\Scripts;C:\Program Files\Python312;C:\Users\acer\AppData\Roaming\Python\Python312\Scripts;C:\Program Files\Git\bin;C:\Program Files\JetBrains\PyCharm 2023.2.4\bin;;C:\Users\acer\anaconda3\Scripts;c:\users\acer\anaconda3\lib\site-packages;;C:\Program Files\JetBrains\PyCharm Edu 2022.2.2\bin;;C:\Program Files\JetBrains\PyCharm Community Edition 2023.3.2\bin;
USERNAME=acer
OS=Windows_NT
PROCESSOR_IDENTIFIER=Intel64 Family 6 Model 126 Stepping 5, GenuineIntel
TMP=C:\Users\acer\AppData\Local\Temp
TEMP=C:\Users\acer\AppData\Local\Temp



Periodic native trim disabled

JNI global refs:
JNI global refs: 23, weak refs: 0

JNI global refs memory usage: 843, weak refs: 841

OOME stack traces (most recent first):
Classloader memory used:
Loader bootstrap                                                                       : 1788K
Loader org.gradle.internal.classloader.VisitableURLClassLoader                         : 597K
Loader org.gradle.initialization.MixInLegacyTypesClassLoader                           : 31464B
Loader jdk.internal.loader.ClassLoaders$AppClassLoader                                 : 26052B
Loader jdk.internal.loader.ClassLoaders$PlatformClassLoader                            : 16725B
Loader jdk.internal.reflect.DelegatingClassLoader                                      : 972B

Classes loaded by more than one classloader:
Class org.gradle.internal.installation.GradleInstallation                             : loaded 2 times (x 73B)
Class org.gradle.internal.classpath.ClassPath                                         : loaded 2 times (x 68B)
Class org.gradle.api.internal.classpath.DefaultModuleRegistry                         : loaded 2 times (x 84B)
Class org.gradle.api.Action                                                           : loaded 2 times (x 68B)
Class org.gradle.api.internal.DefaultClassPathProvider                                : loaded 2 times (x 74B)
Class org.gradle.internal.installation.GradleInstallation$1                           : loaded 2 times (x 73B)
Class org.gradle.internal.classloader.FilteringClassLoader                            : loaded 2 times (x 103B)
Class org.gradle.internal.classpath.DefaultClassPath$ImmutableUniqueList$Builder      : loaded 2 times (x 73B)
Class org.gradle.internal.classloader.ClassLoaderVisitor                              : loaded 2 times (x 74B)
Class org.gradle.internal.service.DefaultServiceLocator                               : loaded 2 times (x 81B)
Class org.gradle.internal.service.UnknownServiceException                             : loaded 2 times (x 81B)
Class org.gradle.internal.classloader.VisitableURLClassLoader$Spec                    : loaded 2 times (x 72B)
Class org.gradle.api.GradleException                                                  : loaded 2 times (x 80B)
Class org.gradle.api.internal.classpath.ModuleRegistry                                : loaded 2 times (x 68B)
Class org.gradle.api.internal.ClassPathProvider                                       : loaded 2 times (x 68B)
Class org.gradle.internal.classloader.ClasspathUtil$1                                 : loaded 2 times (x 74B)
Class org.gradle.internal.classloader.ClassLoaderFactory                              : loaded 2 times (x 68B)
Class org.gradle.api.internal.classpath.ManifestUtil                                  : loaded 2 times (x 69B)
Class org.gradle.api.specs.Spec                                                       : loaded 2 times (x 68B)
Class org.gradle.internal.IoActions                                                   : loaded 2 times (x 69B)
Class org.gradle.api.internal.classpath.EffectiveClassPath                            : loaded 2 times (x 88B)
Class org.gradle.internal.installation.CurrentGradleInstallation                      : loaded 2 times (x 71B)
Class org.gradle.internal.installation.CurrentGradleInstallationLocator               : loaded 2 times (x 69B)
Class org.gradle.api.internal.classpath.Module                                        : loaded 2 times (x 68B)
Class org.gradle.internal.service.CachingServiceLocator                               : loaded 2 times (x 80B)
Class org.gradle.internal.classpath.DefaultClassPath                                  : loaded 2 times (x 88B)
Class org.gradle.internal.classloader.SystemClassLoaderSpec                           : loaded 2 times (x 69B)
Class org.gradle.api.UncheckedIOException                                             : loaded 2 times (x 80B)
Class org.gradle.internal.classloader.ClasspathUtil                                   : loaded 2 times (x 69B)
Class org.gradle.api.internal.DefaultClassPathRegistry                                : loaded 2 times (x 74B)
Class org.gradle.api.internal.classpath.DefaultModuleRegistry$DefaultModule           : loaded 2 times (x 84B)
Class org.gradle.api.internal.classpath.UnknownModuleException                        : loaded 2 times (x 80B)
Class org.gradle.internal.service.ServiceLookupException                              : loaded 2 times (x 80B)
Class org.gradle.cache.GlobalCache                                                    : loaded 2 times (x 68B)
Class [Lorg.gradle.api.internal.ClassPathProvider;                                    : loaded 2 times (x 67B)
Class org.gradle.util.internal.GUtil                                                  : loaded 2 times (x 69B)
Class org.gradle.internal.classloader.ClassLoaderSpec                                 : loaded 2 times (x 69B)
Class org.gradle.internal.classloader.VisitableURLClassLoader                         : loaded 2 times (x 115B)
Class org.gradle.internal.Cast                                                        : loaded 2 times (x 69B)
Class org.gradle.api.internal.ClassPathRegistry                                       : loaded 2 times (x 68B)
Class org.gradle.internal.classloader.ClassLoaderHierarchy                            : loaded 2 times (x 68B)
Class org.gradle.internal.InternalTransformer                                         : loaded 2 times (x 68B)
Class org.gradle.internal.service.ServiceLocator                                      : loaded 2 times (x 68B)
Class org.gradle.internal.classpath.DefaultClassPath$ImmutableUniqueList              : loaded 2 times (x 159B)


---------------  S Y S T E M  ---------------

OS:
 Windows 11 , 64 bit Build 22621 (10.0.22621.3527)
OS uptime: 0 days 2:02 hours
Hyper-V role detected

CPU: total 8 (initial active 8) (4 cores per cpu, 2 threads per core) family 6 model 126 stepping 5 microcode 0x86, cx8, cmov, fxsr, ht, mmx, 3dnowpref, sse, sse2, sse3, ssse3, sse4.1, sse4.2, popcnt, lzcnt, tsc, tscinvbit, avx, avx2, aes, erms, clmul, bmi1, bmi2, adx, avx512f, avx512dq, avx512cd, avx512bw, avx512vl, sha, fma, vzeroupper, avx512_vpopcntdq, avx512_vpclmulqdq, avx512_vaes, avx512_vnni, clflush, clflushopt, avx512_vbmi2, avx512_vbmi, hv
Processor Information for all 8 processors :
  Max Mhz: 1190, Current Mhz: 991, Mhz Limit: 987

Memory: 4k page, system-wide physical 7969M (561M free)
TotalPageFile size 11969M (AvailPageFile size 44M)
current process WorkingSet (physical memory assigned to process): 126M, peak: 131M
current process commit charge ("private bytes"): 248M, peak: 258M

vm_info: OpenJDK 64-Bit Server VM (17.0.10+0--11572160) for windows-amd64 JRE (17.0.10+0--11572160), built on Mar 13 2024 23:56:38 by "androidbuild" with MS VC++ 16.10 / 16.11 (VS2019)

END.
